<?xml version="1.0" encoding="UTF-8"?>
<testng-results ignored="0" total="1" passed="1" failed="0" skipped="0">
  <reporter-output>
  </reporter-output>
  <suite started-at="2022-10-18T23:51:49 IST" name="Default suite" finished-at="2022-10-18T23:52:10 IST" duration-ms="20960">
    <groups>
    </groups>
    <test started-at="2022-10-18T23:51:49 IST" name="Default test" finished-at="2022-10-18T23:52:10 IST" duration-ms="20960">
      <class name="com.doctor.testing.doctorTesting">
        <test-method signature="viewId()[pri:0, instance:com.doctor.testing.doctorTesting@5d7148e2]" started-at="2022-10-18T23:51:49 IST" name="viewId" finished-at="2022-10-18T23:52:10 IST" duration-ms="20874" status="PASS">
          <reporter-output>
          </reporter-output>
        </test-method> <!-- viewId -->
      </class> <!-- com.doctor.testing.doctorTesting -->
    </test> <!-- Default test -->
  </suite> <!-- Default suite -->
</testng-results>
