<?xml version="1.0" encoding="UTF-8"?>
<testng-results ignored="0" total="1" passed="1" failed="0" skipped="0">
  <reporter-output>
  </reporter-output>
  <suite started-at="2022-10-18T21:20:39 IST" name="Default suite" finished-at="2022-10-18T21:20:56 IST" duration-ms="17096">
    <groups>
    </groups>
    <test started-at="2022-10-18T21:20:39 IST" name="Default test" finished-at="2022-10-18T21:20:56 IST" duration-ms="17096">
      <class name="com.doctor.testing.viewIdTesting">
        <test-method signature="viewId()[pri:0, instance:com.doctor.testing.viewIdTesting@1b6e1eff]" started-at="2022-10-18T21:20:39 IST" name="viewId" finished-at="2022-10-18T21:20:56 IST" duration-ms="17018" status="PASS">
          <reporter-output>
          </reporter-output>
        </test-method> <!-- viewId -->
      </class> <!-- com.doctor.testing.viewIdTesting -->
    </test> <!-- Default test -->
  </suite> <!-- Default suite -->
</testng-results>
